2017-11-19 13:13:47,464 - __main__ - INFO    : Init class UserData with user_name: defunkt
2017-11-19 13:13:48,819 - __main__ - INFO    : loading repository data
2017-11-19 13:13:48,834 - __main__ - INFO    : repos of defunkt: ['ace', 'acts_as_textiled', 'ambition', 'ambitious_activeldap', 'ambitious_activerecord', 'barefootexamples', 'body_matcher', 'burn', 'cache_fu', 'cheat', 'cheat.el', 'choice', 'cijoe', 'coffee-mode', 'colored', 'currency_converter', 'd3', 'defunkt.github.com', 'djangode', 'dodgeball.github.com', 'dotenv', 'dotjs', 'electron-wordwrap', 'emacs', 'email_reply_parser', 'evilbot', 'exception_logger', 'facebox', 'faceup', 'fixture_scenarios_builder']
2017-11-19 13:13:51,131 - __main__ - INFO    : loading commits of branch dont-hardcode-fonts-protocol into data/defunkt/ace
2017-11-19 13:13:52,331 - __main__ - INFO    : loading commits of branch master into data/defunkt/ace
2017-11-19 13:13:53,631 - __main__ - INFO    : loading commits of branch upper-and-lower into data/defunkt/ace
2017-11-19 13:13:55,623 - __main__ - INFO    : loading commits of branch master into data/defunkt/acts_as_textiled
2017-11-19 13:13:57,829 - __main__ - INFO    : loading commits of branch gh-pages into data/defunkt/ambition
2017-11-19 13:13:59,232 - __main__ - INFO    : loading commits of branch master into data/defunkt/ambition
2017-11-19 13:14:03,421 - __main__ - INFO    : loading commits of branch master into data/defunkt/ambitious_activeldap
2017-11-19 13:14:05,318 - __main__ - INFO    : loading commits of branch master into data/defunkt/ambitious_activerecord
2017-11-19 13:14:07,117 - __main__ - INFO    : loading commits of branch master into data/defunkt/barefootexamples
2017-11-19 13:14:14,017 - __main__ - INFO    : loading commits of branch master into data/defunkt/body_matcher
2017-11-19 13:14:16,019 - __main__ - INFO    : loading commits of branch master into data/defunkt/burn
2017-11-19 13:14:18,117 - __main__ - INFO    : loading commits of branch master into data/defunkt/cache_fu
2017-11-19 13:14:20,231 - __main__ - INFO    : loading commits of branch heroku into data/defunkt/cheat
2017-11-19 13:14:21,632 - __main__ - INFO    : loading commits of branch master into data/defunkt/cheat
2017-11-19 13:14:23,618 - __main__ - INFO    : loading commits of branch master into data/defunkt/cheat.el
2017-11-19 13:14:25,919 - __main__ - INFO    : loading commits of branch 1.8.6-stable into data/defunkt/choice
2017-11-19 13:14:26,919 - __main__ - INFO    : loading commits of branch gh-pages into data/defunkt/choice
2017-11-19 13:14:28,220 - __main__ - INFO    : loading commits of branch master into data/defunkt/choice
2017-11-19 13:14:29,725 - __main__ - INFO    : loading commits of branch option-refactoring into data/defunkt/choice
2017-11-19 13:14:31,821 - __main__ - INFO    : loading commits of branch master into data/defunkt/cijoe
2017-11-19 13:14:34,020 - __main__ - INFO    : loading commits of branch master into data/defunkt/coffee-mode
2017-11-19 13:14:36,122 - __main__ - INFO    : loading commits of branch master into data/defunkt/colored
2017-11-19 13:14:38,017 - __main__ - INFO    : loading commits of branch master into data/defunkt/currency_converter
2017-11-19 13:14:40,332 - __main__ - INFO    : loading commits of branch 3.4.4 into data/defunkt/d3
2017-11-19 13:14:41,619 - __main__ - INFO    : loading commits of branch adopt into data/defunkt/d3
2017-11-19 13:14:42,926 - __main__ - INFO    : loading commits of branch axis-scale into data/defunkt/d3
2017-11-19 13:14:44,236 - __main__ - INFO    : loading commits of branch better-subsecond-ticks into data/defunkt/d3
2017-11-19 13:14:45,729 - __main__ - INFO    : loading commits of branch bower-metadata into data/defunkt/d3
2017-11-19 13:14:47,032 - __main__ - INFO    : loading commits of branch clip-polygon-semantics into data/defunkt/d3
2017-11-19 13:14:48,332 - __main__ - INFO    : loading commits of branch clip-polygon into data/defunkt/d3
2017-11-19 13:14:49,633 - __main__ - INFO    : loading commits of branch conic-conformal into data/defunkt/d3
2017-11-19 13:14:50,932 - __main__ - INFO    : loading commits of branch environment into data/defunkt/d3
2017-11-19 13:14:52,330 - __main__ - INFO    : loading commits of branch extensible-interpolate into data/defunkt/d3
2017-11-19 13:14:53,731 - __main__ - INFO    : loading commits of branch fix-antimeridian into data/defunkt/d3
2017-11-19 13:14:55,130 - __main__ - INFO    : loading commits of branch fix-drag-touchend into data/defunkt/d3
2017-11-19 13:14:56,431 - __main__ - INFO    : loading commits of branch fix-geo-area into data/defunkt/d3
2017-11-19 13:14:57,832 - __main__ - INFO    : loading commits of branch fix-ie9-string-coercion into data/defunkt/d3
2017-11-19 13:14:59,233 - __main__ - INFO    : loading commits of branch fix-quantile-null into data/defunkt/d3
2017-11-19 13:15:00,631 - __main__ - INFO    : loading commits of branch fix-resampling-error into data/defunkt/d3
2017-11-19 13:15:01,933 - __main__ - INFO    : loading commits of branch geo-empty-polygon into data/defunkt/d3
2017-11-19 13:15:03,333 - __main__ - INFO    : loading commits of branch geo-path-length into data/defunkt/d3
2017-11-19 13:15:04,733 - __main__ - INFO    : loading commits of branch geo-rings into data/defunkt/d3
2017-11-19 13:15:06,231 - __main__ - INFO    : loading commits of branch geo-voronoi into data/defunkt/d3
2017-11-19 13:15:07,531 - __main__ - INFO    : loading commits of branch get-or-remove-tween into data/defunkt/d3
2017-11-19 13:15:08,931 - __main__ - INFO    : loading commits of branch gh-pages into data/defunkt/d3
2017-11-19 13:15:10,233 - __main__ - INFO    : loading commits of branch line-copy into data/defunkt/d3
2017-11-19 13:15:11,532 - __main__ - INFO    : loading commits of branch master into data/defunkt/d3
2017-11-19 13:15:12,832 - __main__ - INFO    : loading commits of branch optimize-interpolate-string into data/defunkt/d3
2017-11-19 13:15:14,132 - __main__ - INFO    : loading commits of branch time-bst into data/defunkt/d3
2017-11-19 13:15:15,531 - __main__ - INFO    : loading commits of branch voronoi-topology into data/defunkt/d3
2017-11-19 13:15:16,932 - __main__ - INFO    : loading commits of branch zoom-translate-extent into data/defunkt/d3
2017-11-19 13:15:19,330 - __main__ - INFO    : loading commits of branch master into data/defunkt/defunkt.github.com
2017-11-19 13:15:21,428 - __main__ - INFO    : loading commits of branch master into data/defunkt/djangode
2017-11-19 13:15:23,526 - __main__ - INFO    : loading commits of branch master into data/defunkt/dodgeball.github.com
2017-11-19 13:15:24,622 - __main__ - INFO    : loading commits of branch new-site into data/defunkt/dodgeball.github.com
2017-11-19 13:15:25,826 - __main__ - INFO    : loading commits of branch patch-1 into data/defunkt/dodgeball.github.com
2017-11-19 13:15:27,818 - __main__ - INFO    : loading commits of branch master into data/defunkt/dotenv
2017-11-19 13:15:29,930 - __main__ - INFO    : loading commits of branch coffee into data/defunkt/dotjs
2017-11-19 13:15:31,016 - __main__ - INFO    : loading commits of branch gh-pages into data/defunkt/dotjs
2017-11-19 13:15:32,331 - __main__ - INFO    : loading commits of branch master into data/defunkt/dotjs
2017-11-19 13:15:34,317 - __main__ - INFO    : loading commits of branch master into data/defunkt/electron-wordwrap
2017-11-19 13:15:36,922 - __main__ - INFO    : loading commits of branch master into data/defunkt/emacs
2017-11-19 13:15:39,320 - __main__ - INFO    : loading commits of branch condensed-reply-headers into data/defunkt/email_reply_parser
2017-11-19 13:15:40,520 - __main__ - INFO    : loading commits of branch master into data/defunkt/email_reply_parser
2017-11-19 13:15:42,720 - __main__ - INFO    : loading commits of branch master into data/defunkt/evilbot
2017-11-19 13:15:44,826 - __main__ - INFO    : loading commits of branch master into data/defunkt/exception_logger
2017-11-19 13:15:46,814 - __main__ - INFO    : loading commits of branch gh-pages into data/defunkt/facebox
2017-11-19 13:15:48,119 - __main__ - INFO    : loading commits of branch master into data/defunkt/facebox
2017-11-19 13:15:49,520 - __main__ - INFO    : loading commits of branch no-images into data/defunkt/facebox
2017-11-19 13:15:51,724 - __main__ - INFO    : loading commits of branch master into data/defunkt/faceup
2017-11-19 13:15:53,131 - __main__ - INFO    : loading commits of branch zedd into data/defunkt/faceup
2017-11-19 13:15:55,015 - __main__ - INFO    : loading commits of branch github into data/defunkt/fixture_scenarios_builder
2017-11-19 13:15:56,115 - __main__ - INFO    : loading commits of branch master into data/defunkt/fixture_scenarios_builder
